INFO - 2023-11-12 01:03:34 --> Session: Class initialized using 'CodeIgniter\Session\Handlers\FileHandler' driver.
INFO - 2023-11-12 01:04:29 --> Session: Class initialized using 'CodeIgniter\Session\Handlers\FileHandler' driver.
CRITICAL - 2023-11-12 01:04:32 --> Tenant is not exist.
in APPPATH/Config/Tenancy.php on line 21.
 1 APPPATH/Config/Eloquent.php(14): Config\Tenancy->__construct()
 2 APPPATH/Config/Services.php(38): Config\Eloquent->__construct()
 3 SYSTEMPATH/Config/BaseService.php(199): Config\Services::eloquent(false)
 4 APPPATH/Config/Services.php(36): CodeIgniter\Config\BaseService::getSharedInstance('eloquent')
 5 SYSTEMPATH/Common.php(1022): Config\Services::eloquent()
 6 APPPATH/Config/Events.php(59): service('eloquent')
 7 SYSTEMPATH/Events/Events.php(154): CodeIgniter\Events\Events::Config\{closure}()
 8 SYSTEMPATH/CodeIgniter.php(442): CodeIgniter\Events\Events::trigger('pre_system')
 9 SYSTEMPATH/CodeIgniter.php(361): CodeIgniter\CodeIgniter->handleRequest(null, Object(Config\Cache), false)
10 FCPATH/index.php(79): CodeIgniter\CodeIgniter->run()
11 /Applications/Herd.app/Contents/Resources/valet/server.php(120): require('/Users/rtraselbd/Code/project/public/index.php')
CRITICAL - 2023-11-12 01:04:33 --> Tenant is not exist.
in APPPATH/Config/Tenancy.php on line 21.
 1 APPPATH/Config/Eloquent.php(14): Config\Tenancy->__construct()
 2 APPPATH/Config/Services.php(38): Config\Eloquent->__construct()
 3 SYSTEMPATH/Config/BaseService.php(199): Config\Services::eloquent(false)
 4 APPPATH/Config/Services.php(36): CodeIgniter\Config\BaseService::getSharedInstance('eloquent')
 5 SYSTEMPATH/Common.php(1022): Config\Services::eloquent()
 6 APPPATH/Config/Events.php(59): service('eloquent')
 7 SYSTEMPATH/Events/Events.php(154): CodeIgniter\Events\Events::Config\{closure}()
 8 SYSTEMPATH/CodeIgniter.php(442): CodeIgniter\Events\Events::trigger('pre_system')
 9 SYSTEMPATH/CodeIgniter.php(361): CodeIgniter\CodeIgniter->handleRequest(null, Object(Config\Cache), false)
10 FCPATH/index.php(79): CodeIgniter\CodeIgniter->run()
11 /Applications/Herd.app/Contents/Resources/valet/server.php(120): require('/Users/rtraselbd/Code/project/public/index.php')
CRITICAL - 2023-11-12 01:04:50 --> Tenant is not exist.
in APPPATH/Config/Tenancy.php on line 21.
 1 APPPATH/Config/Eloquent.php(14): Config\Tenancy->__construct()
 2 APPPATH/Config/Services.php(38): Config\Eloquent->__construct()
 3 SYSTEMPATH/Config/BaseService.php(199): Config\Services::eloquent(false)
 4 APPPATH/Config/Services.php(36): CodeIgniter\Config\BaseService::getSharedInstance('eloquent')
 5 SYSTEMPATH/Common.php(1022): Config\Services::eloquent()
 6 APPPATH/Config/Events.php(59): service('eloquent')
 7 SYSTEMPATH/Events/Events.php(154): CodeIgniter\Events\Events::Config\{closure}()
 8 SYSTEMPATH/CodeIgniter.php(442): CodeIgniter\Events\Events::trigger('pre_system')
 9 SYSTEMPATH/CodeIgniter.php(361): CodeIgniter\CodeIgniter->handleRequest(null, Object(Config\Cache), false)
10 FCPATH/index.php(79): CodeIgniter\CodeIgniter->run()
11 /Applications/Herd.app/Contents/Resources/valet/server.php(120): require('/Users/rtraselbd/Code/project/public/index.php')
INFO - 2023-11-12 01:04:55 --> Session: Class initialized using 'CodeIgniter\Session\Handlers\FileHandler' driver.
INFO - 2023-11-12 01:04:56 --> Session: Class initialized using 'CodeIgniter\Session\Handlers\FileHandler' driver.
INFO - 2023-11-12 01:04:57 --> Session: Class initialized using 'CodeIgniter\Session\Handlers\FileHandler' driver.
CRITICAL - 2023-11-12 01:05:13 --> Tenant is not exist.
in APPPATH/Config/Tenancy.php on line 21.
 1 APPPATH/Config/Eloquent.php(14): Config\Tenancy->__construct()
 2 APPPATH/Config/Services.php(38): Config\Eloquent->__construct()
 3 SYSTEMPATH/Config/BaseService.php(199): Config\Services::eloquent(false)
 4 APPPATH/Config/Services.php(36): CodeIgniter\Config\BaseService::getSharedInstance('eloquent')
 5 SYSTEMPATH/Common.php(1022): Config\Services::eloquent()
 6 APPPATH/Config/Events.php(59): service('eloquent')
 7 SYSTEMPATH/Events/Events.php(154): CodeIgniter\Events\Events::Config\{closure}()
 8 SYSTEMPATH/CodeIgniter.php(442): CodeIgniter\Events\Events::trigger('pre_system')
 9 SYSTEMPATH/CodeIgniter.php(361): CodeIgniter\CodeIgniter->handleRequest(null, Object(Config\Cache), false)
10 FCPATH/index.php(79): CodeIgniter\CodeIgniter->run()
11 /Applications/Herd.app/Contents/Resources/valet/server.php(120): require('/Users/rtraselbd/Code/project/public/index.php')
CRITICAL - 2023-11-12 01:05:13 --> Tenant is not exist.
in APPPATH/Config/Tenancy.php on line 21.
 1 APPPATH/Config/Eloquent.php(14): Config\Tenancy->__construct()
 2 APPPATH/Config/Services.php(38): Config\Eloquent->__construct()
 3 SYSTEMPATH/Config/BaseService.php(199): Config\Services::eloquent(false)
 4 APPPATH/Config/Services.php(36): CodeIgniter\Config\BaseService::getSharedInstance('eloquent')
 5 SYSTEMPATH/Common.php(1022): Config\Services::eloquent()
 6 APPPATH/Config/Events.php(59): service('eloquent')
 7 SYSTEMPATH/Events/Events.php(154): CodeIgniter\Events\Events::Config\{closure}()
 8 SYSTEMPATH/CodeIgniter.php(442): CodeIgniter\Events\Events::trigger('pre_system')
 9 SYSTEMPATH/CodeIgniter.php(361): CodeIgniter\CodeIgniter->handleRequest(null, Object(Config\Cache), false)
10 FCPATH/index.php(79): CodeIgniter\CodeIgniter->run()
11 /Applications/Herd.app/Contents/Resources/valet/server.php(120): require('/Users/rtraselbd/Code/project/public/index.php')
CRITICAL - 2023-11-12 01:06:13 --> Tenant is not exist.
in APPPATH/Config/Tenancy.php on line 21.
 1 APPPATH/Config/Eloquent.php(14): Config\Tenancy->__construct()
 2 APPPATH/Config/Services.php(38): Config\Eloquent->__construct()
 3 SYSTEMPATH/Config/BaseService.php(199): Config\Services::eloquent(false)
 4 APPPATH/Config/Services.php(36): CodeIgniter\Config\BaseService::getSharedInstance('eloquent')
 5 SYSTEMPATH/Common.php(1022): Config\Services::eloquent()
 6 APPPATH/Config/Events.php(59): service('eloquent')
 7 SYSTEMPATH/Events/Events.php(154): CodeIgniter\Events\Events::Config\{closure}()
 8 SYSTEMPATH/CodeIgniter.php(442): CodeIgniter\Events\Events::trigger('pre_system')
 9 SYSTEMPATH/CodeIgniter.php(361): CodeIgniter\CodeIgniter->handleRequest(null, Object(Config\Cache), false)
10 FCPATH/index.php(79): CodeIgniter\CodeIgniter->run()
11 /Applications/Herd.app/Contents/Resources/valet/server.php(120): require('/Users/rtraselbd/Code/rtrasel/public/index.php')
CRITICAL - 2023-11-12 01:07:02 --> Tenant is not exist.
in APPPATH/Config/Tenancy.php on line 21.
 1 APPPATH/Config/Eloquent.php(14): Config\Tenancy->__construct()
 2 APPPATH/Config/Services.php(38): Config\Eloquent->__construct()
 3 SYSTEMPATH/Config/BaseService.php(199): Config\Services::eloquent(false)
 4 APPPATH/Config/Services.php(36): CodeIgniter\Config\BaseService::getSharedInstance('eloquent')
 5 SYSTEMPATH/Common.php(1022): Config\Services::eloquent()
 6 APPPATH/Config/Events.php(59): service('eloquent')
 7 SYSTEMPATH/Events/Events.php(154): CodeIgniter\Events\Events::Config\{closure}()
 8 SYSTEMPATH/CodeIgniter.php(442): CodeIgniter\Events\Events::trigger('pre_system')
 9 SYSTEMPATH/CodeIgniter.php(361): CodeIgniter\CodeIgniter->handleRequest(null, Object(Config\Cache), false)
10 FCPATH/index.php(79): CodeIgniter\CodeIgniter->run()
11 /Applications/Herd.app/Contents/Resources/valet/server.php(120): require('/Users/rtraselbd/Code/rtrasel/public/index.php')
CRITICAL - 2023-11-12 01:07:03 --> Tenant is not exist.
in APPPATH/Config/Tenancy.php on line 21.
 1 APPPATH/Config/Eloquent.php(14): Config\Tenancy->__construct()
 2 APPPATH/Config/Services.php(38): Config\Eloquent->__construct()
 3 SYSTEMPATH/Config/BaseService.php(199): Config\Services::eloquent(false)
 4 APPPATH/Config/Services.php(36): CodeIgniter\Config\BaseService::getSharedInstance('eloquent')
 5 SYSTEMPATH/Common.php(1022): Config\Services::eloquent()
 6 APPPATH/Config/Events.php(59): service('eloquent')
 7 SYSTEMPATH/Events/Events.php(154): CodeIgniter\Events\Events::Config\{closure}()
 8 SYSTEMPATH/CodeIgniter.php(442): CodeIgniter\Events\Events::trigger('pre_system')
 9 SYSTEMPATH/CodeIgniter.php(361): CodeIgniter\CodeIgniter->handleRequest(null, Object(Config\Cache), false)
10 FCPATH/index.php(79): CodeIgniter\CodeIgniter->run()
11 /Applications/Herd.app/Contents/Resources/valet/server.php(120): require('/Users/rtraselbd/Code/rtrasel/public/index.php')
CRITICAL - 2023-11-12 01:07:03 --> Tenant is not exist.
in APPPATH/Config/Tenancy.php on line 21.
 1 APPPATH/Config/Eloquent.php(14): Config\Tenancy->__construct()
 2 APPPATH/Config/Services.php(38): Config\Eloquent->__construct()
 3 SYSTEMPATH/Config/BaseService.php(199): Config\Services::eloquent(false)
 4 APPPATH/Config/Services.php(36): CodeIgniter\Config\BaseService::getSharedInstance('eloquent')
 5 SYSTEMPATH/Common.php(1022): Config\Services::eloquent()
 6 APPPATH/Config/Events.php(59): service('eloquent')
 7 SYSTEMPATH/Events/Events.php(154): CodeIgniter\Events\Events::Config\{closure}()
 8 SYSTEMPATH/CodeIgniter.php(442): CodeIgniter\Events\Events::trigger('pre_system')
 9 SYSTEMPATH/CodeIgniter.php(361): CodeIgniter\CodeIgniter->handleRequest(null, Object(Config\Cache), false)
10 FCPATH/index.php(79): CodeIgniter\CodeIgniter->run()
11 /Applications/Herd.app/Contents/Resources/valet/server.php(120): require('/Users/rtraselbd/Code/rtrasel/public/index.php')
CRITICAL - 2023-11-12 01:07:03 --> Tenant is not exist.
in APPPATH/Config/Tenancy.php on line 21.
 1 APPPATH/Config/Eloquent.php(14): Config\Tenancy->__construct()
 2 APPPATH/Config/Services.php(38): Config\Eloquent->__construct()
 3 SYSTEMPATH/Config/BaseService.php(199): Config\Services::eloquent(false)
 4 APPPATH/Config/Services.php(36): CodeIgniter\Config\BaseService::getSharedInstance('eloquent')
 5 SYSTEMPATH/Common.php(1022): Config\Services::eloquent()
 6 APPPATH/Config/Events.php(59): service('eloquent')
 7 SYSTEMPATH/Events/Events.php(154): CodeIgniter\Events\Events::Config\{closure}()
 8 SYSTEMPATH/CodeIgniter.php(442): CodeIgniter\Events\Events::trigger('pre_system')
 9 SYSTEMPATH/CodeIgniter.php(361): CodeIgniter\CodeIgniter->handleRequest(null, Object(Config\Cache), false)
10 FCPATH/index.php(79): CodeIgniter\CodeIgniter->run()
11 /Applications/Herd.app/Contents/Resources/valet/server.php(120): require('/Users/rtraselbd/Code/rtrasel/public/index.php')
CRITICAL - 2023-11-12 01:07:57 --> Tenant is not exist.
in APPPATH/Config/Tenancy.php on line 21.
 1 APPPATH/Config/Eloquent.php(14): Config\Tenancy->__construct()
 2 APPPATH/Config/Services.php(38): Config\Eloquent->__construct()
 3 SYSTEMPATH/Config/BaseService.php(199): Config\Services::eloquent(false)
 4 APPPATH/Config/Services.php(36): CodeIgniter\Config\BaseService::getSharedInstance('eloquent')
 5 SYSTEMPATH/Common.php(1022): Config\Services::eloquent()
 6 APPPATH/Config/Events.php(59): service('eloquent')
 7 SYSTEMPATH/Events/Events.php(154): CodeIgniter\Events\Events::Config\{closure}()
 8 SYSTEMPATH/CodeIgniter.php(442): CodeIgniter\Events\Events::trigger('pre_system')
 9 SYSTEMPATH/CodeIgniter.php(361): CodeIgniter\CodeIgniter->handleRequest(null, Object(Config\Cache), false)
10 FCPATH/index.php(79): CodeIgniter\CodeIgniter->run()
11 /Applications/Herd.app/Contents/Resources/valet/server.php(120): require('/Users/rtraselbd/Code/rtrasel/public/index.php')
CRITICAL - 2023-11-12 01:07:57 --> Tenant is not exist.
in APPPATH/Config/Tenancy.php on line 21.
 1 APPPATH/Config/Eloquent.php(14): Config\Tenancy->__construct()
 2 APPPATH/Config/Services.php(38): Config\Eloquent->__construct()
 3 SYSTEMPATH/Config/BaseService.php(199): Config\Services::eloquent(false)
 4 APPPATH/Config/Services.php(36): CodeIgniter\Config\BaseService::getSharedInstance('eloquent')
 5 SYSTEMPATH/Common.php(1022): Config\Services::eloquent()
 6 APPPATH/Config/Events.php(59): service('eloquent')
 7 SYSTEMPATH/Events/Events.php(154): CodeIgniter\Events\Events::Config\{closure}()
 8 SYSTEMPATH/CodeIgniter.php(442): CodeIgniter\Events\Events::trigger('pre_system')
 9 SYSTEMPATH/CodeIgniter.php(361): CodeIgniter\CodeIgniter->handleRequest(null, Object(Config\Cache), false)
10 FCPATH/index.php(79): CodeIgniter\CodeIgniter->run()
11 /Applications/Herd.app/Contents/Resources/valet/server.php(120): require('/Users/rtraselbd/Code/rtrasel/public/index.php')
CRITICAL - 2023-11-12 01:07:57 --> Tenant is not exist.
in APPPATH/Config/Tenancy.php on line 21.
 1 APPPATH/Config/Eloquent.php(14): Config\Tenancy->__construct()
 2 APPPATH/Config/Services.php(38): Config\Eloquent->__construct()
 3 SYSTEMPATH/Config/BaseService.php(199): Config\Services::eloquent(false)
 4 APPPATH/Config/Services.php(36): CodeIgniter\Config\BaseService::getSharedInstance('eloquent')
 5 SYSTEMPATH/Common.php(1022): Config\Services::eloquent()
 6 APPPATH/Config/Events.php(59): service('eloquent')
 7 SYSTEMPATH/Events/Events.php(154): CodeIgniter\Events\Events::Config\{closure}()
 8 SYSTEMPATH/CodeIgniter.php(442): CodeIgniter\Events\Events::trigger('pre_system')
 9 SYSTEMPATH/CodeIgniter.php(361): CodeIgniter\CodeIgniter->handleRequest(null, Object(Config\Cache), false)
10 FCPATH/index.php(79): CodeIgniter\CodeIgniter->run()
11 /Applications/Herd.app/Contents/Resources/valet/server.php(120): require('/Users/rtraselbd/Code/rtrasel/public/index.php')
CRITICAL - 2023-11-12 01:07:58 --> Tenant is not exist.
in APPPATH/Config/Tenancy.php on line 21.
 1 APPPATH/Config/Eloquent.php(14): Config\Tenancy->__construct()
 2 APPPATH/Config/Services.php(38): Config\Eloquent->__construct()
 3 SYSTEMPATH/Config/BaseService.php(199): Config\Services::eloquent(false)
 4 APPPATH/Config/Services.php(36): CodeIgniter\Config\BaseService::getSharedInstance('eloquent')
 5 SYSTEMPATH/Common.php(1022): Config\Services::eloquent()
 6 APPPATH/Config/Events.php(59): service('eloquent')
 7 SYSTEMPATH/Events/Events.php(154): CodeIgniter\Events\Events::Config\{closure}()
 8 SYSTEMPATH/CodeIgniter.php(442): CodeIgniter\Events\Events::trigger('pre_system')
 9 SYSTEMPATH/CodeIgniter.php(361): CodeIgniter\CodeIgniter->handleRequest(null, Object(Config\Cache), false)
10 FCPATH/index.php(79): CodeIgniter\CodeIgniter->run()
11 /Applications/Herd.app/Contents/Resources/valet/server.php(120): require('/Users/rtraselbd/Code/rtrasel/public/index.php')
CRITICAL - 2023-11-12 01:07:58 --> Tenant is not exist.
in APPPATH/Config/Tenancy.php on line 21.
 1 APPPATH/Config/Eloquent.php(14): Config\Tenancy->__construct()
 2 APPPATH/Config/Services.php(38): Config\Eloquent->__construct()
 3 SYSTEMPATH/Config/BaseService.php(199): Config\Services::eloquent(false)
 4 APPPATH/Config/Services.php(36): CodeIgniter\Config\BaseService::getSharedInstance('eloquent')
 5 SYSTEMPATH/Common.php(1022): Config\Services::eloquent()
 6 APPPATH/Config/Events.php(59): service('eloquent')
 7 SYSTEMPATH/Events/Events.php(154): CodeIgniter\Events\Events::Config\{closure}()
 8 SYSTEMPATH/CodeIgniter.php(442): CodeIgniter\Events\Events::trigger('pre_system')
 9 SYSTEMPATH/CodeIgniter.php(361): CodeIgniter\CodeIgniter->handleRequest(null, Object(Config\Cache), false)
10 FCPATH/index.php(79): CodeIgniter\CodeIgniter->run()
11 /Applications/Herd.app/Contents/Resources/valet/server.php(120): require('/Users/rtraselbd/Code/rtrasel/public/index.php')
CRITICAL - 2023-11-12 01:07:58 --> Tenant is not exist.
in APPPATH/Config/Tenancy.php on line 21.
 1 APPPATH/Config/Eloquent.php(14): Config\Tenancy->__construct()
 2 APPPATH/Config/Services.php(38): Config\Eloquent->__construct()
 3 SYSTEMPATH/Config/BaseService.php(199): Config\Services::eloquent(false)
 4 APPPATH/Config/Services.php(36): CodeIgniter\Config\BaseService::getSharedInstance('eloquent')
 5 SYSTEMPATH/Common.php(1022): Config\Services::eloquent()
 6 APPPATH/Config/Events.php(59): service('eloquent')
 7 SYSTEMPATH/Events/Events.php(154): CodeIgniter\Events\Events::Config\{closure}()
 8 SYSTEMPATH/CodeIgniter.php(442): CodeIgniter\Events\Events::trigger('pre_system')
 9 SYSTEMPATH/CodeIgniter.php(361): CodeIgniter\CodeIgniter->handleRequest(null, Object(Config\Cache), false)
10 FCPATH/index.php(79): CodeIgniter\CodeIgniter->run()
11 /Applications/Herd.app/Contents/Resources/valet/server.php(120): require('/Users/rtraselbd/Code/rtrasel/public/index.php')
CRITICAL - 2023-11-12 01:07:58 --> Tenant is not exist.
in APPPATH/Config/Tenancy.php on line 21.
 1 APPPATH/Config/Eloquent.php(14): Config\Tenancy->__construct()
 2 APPPATH/Config/Services.php(38): Config\Eloquent->__construct()
 3 SYSTEMPATH/Config/BaseService.php(199): Config\Services::eloquent(false)
 4 APPPATH/Config/Services.php(36): CodeIgniter\Config\BaseService::getSharedInstance('eloquent')
 5 SYSTEMPATH/Common.php(1022): Config\Services::eloquent()
 6 APPPATH/Config/Events.php(59): service('eloquent')
 7 SYSTEMPATH/Events/Events.php(154): CodeIgniter\Events\Events::Config\{closure}()
 8 SYSTEMPATH/CodeIgniter.php(442): CodeIgniter\Events\Events::trigger('pre_system')
 9 SYSTEMPATH/CodeIgniter.php(361): CodeIgniter\CodeIgniter->handleRequest(null, Object(Config\Cache), false)
10 FCPATH/index.php(79): CodeIgniter\CodeIgniter->run()
11 /Applications/Herd.app/Contents/Resources/valet/server.php(120): require('/Users/rtraselbd/Code/rtrasel/public/index.php')
CRITICAL - 2023-11-12 01:07:58 --> Tenant is not exist.
in APPPATH/Config/Tenancy.php on line 21.
 1 APPPATH/Config/Eloquent.php(14): Config\Tenancy->__construct()
 2 APPPATH/Config/Services.php(38): Config\Eloquent->__construct()
 3 SYSTEMPATH/Config/BaseService.php(199): Config\Services::eloquent(false)
 4 APPPATH/Config/Services.php(36): CodeIgniter\Config\BaseService::getSharedInstance('eloquent')
 5 SYSTEMPATH/Common.php(1022): Config\Services::eloquent()
 6 APPPATH/Config/Events.php(59): service('eloquent')
 7 SYSTEMPATH/Events/Events.php(154): CodeIgniter\Events\Events::Config\{closure}()
 8 SYSTEMPATH/CodeIgniter.php(442): CodeIgniter\Events\Events::trigger('pre_system')
 9 SYSTEMPATH/CodeIgniter.php(361): CodeIgniter\CodeIgniter->handleRequest(null, Object(Config\Cache), false)
10 FCPATH/index.php(79): CodeIgniter\CodeIgniter->run()
11 /Applications/Herd.app/Contents/Resources/valet/server.php(120): require('/Users/rtraselbd/Code/rtrasel/public/index.php')
CRITICAL - 2023-11-12 01:07:59 --> Tenant is not exist.
in APPPATH/Config/Tenancy.php on line 21.
 1 APPPATH/Config/Eloquent.php(14): Config\Tenancy->__construct()
 2 APPPATH/Config/Services.php(38): Config\Eloquent->__construct()
 3 SYSTEMPATH/Config/BaseService.php(199): Config\Services::eloquent(false)
 4 APPPATH/Config/Services.php(36): CodeIgniter\Config\BaseService::getSharedInstance('eloquent')
 5 SYSTEMPATH/Common.php(1022): Config\Services::eloquent()
 6 APPPATH/Config/Events.php(59): service('eloquent')
 7 SYSTEMPATH/Events/Events.php(154): CodeIgniter\Events\Events::Config\{closure}()
 8 SYSTEMPATH/CodeIgniter.php(442): CodeIgniter\Events\Events::trigger('pre_system')
 9 SYSTEMPATH/CodeIgniter.php(361): CodeIgniter\CodeIgniter->handleRequest(null, Object(Config\Cache), false)
10 FCPATH/index.php(79): CodeIgniter\CodeIgniter->run()
11 /Applications/Herd.app/Contents/Resources/valet/server.php(120): require('/Users/rtraselbd/Code/rtrasel/public/index.php')
CRITICAL - 2023-11-12 01:07:59 --> Tenant is not exist.
in APPPATH/Config/Tenancy.php on line 21.
 1 APPPATH/Config/Eloquent.php(14): Config\Tenancy->__construct()
 2 APPPATH/Config/Services.php(38): Config\Eloquent->__construct()
 3 SYSTEMPATH/Config/BaseService.php(199): Config\Services::eloquent(false)
 4 APPPATH/Config/Services.php(36): CodeIgniter\Config\BaseService::getSharedInstance('eloquent')
 5 SYSTEMPATH/Common.php(1022): Config\Services::eloquent()
 6 APPPATH/Config/Events.php(59): service('eloquent')
 7 SYSTEMPATH/Events/Events.php(154): CodeIgniter\Events\Events::Config\{closure}()
 8 SYSTEMPATH/CodeIgniter.php(442): CodeIgniter\Events\Events::trigger('pre_system')
 9 SYSTEMPATH/CodeIgniter.php(361): CodeIgniter\CodeIgniter->handleRequest(null, Object(Config\Cache), false)
10 FCPATH/index.php(79): CodeIgniter\CodeIgniter->run()
11 /Applications/Herd.app/Contents/Resources/valet/server.php(120): require('/Users/rtraselbd/Code/rtrasel/public/index.php')
CRITICAL - 2023-11-12 01:07:59 --> Tenant is not exist.
in APPPATH/Config/Tenancy.php on line 21.
 1 APPPATH/Config/Eloquent.php(14): Config\Tenancy->__construct()
 2 APPPATH/Config/Services.php(38): Config\Eloquent->__construct()
 3 SYSTEMPATH/Config/BaseService.php(199): Config\Services::eloquent(false)
 4 APPPATH/Config/Services.php(36): CodeIgniter\Config\BaseService::getSharedInstance('eloquent')
 5 SYSTEMPATH/Common.php(1022): Config\Services::eloquent()
 6 APPPATH/Config/Events.php(59): service('eloquent')
 7 SYSTEMPATH/Events/Events.php(154): CodeIgniter\Events\Events::Config\{closure}()
 8 SYSTEMPATH/CodeIgniter.php(442): CodeIgniter\Events\Events::trigger('pre_system')
 9 SYSTEMPATH/CodeIgniter.php(361): CodeIgniter\CodeIgniter->handleRequest(null, Object(Config\Cache), false)
10 FCPATH/index.php(79): CodeIgniter\CodeIgniter->run()
11 /Applications/Herd.app/Contents/Resources/valet/server.php(120): require('/Users/rtraselbd/Code/rtrasel/public/index.php')
CRITICAL - 2023-11-12 01:10:06 --> Attempt to read property "domain" on null
in APPPATH/Config/Tenancy.php on line 20.
 1 APPPATH/Config/Tenancy.php(20): CodeIgniter\Debug\Exceptions->errorHandler(2, 'Attempt to read property "domain" on null', '/Users/rtraselbd/Code/rtrasel/app/Config/Tenancy.php', 20)
 2 APPPATH/Config/Eloquent.php(14): Config\Tenancy->__construct()
 3 APPPATH/Config/Services.php(38): Config\Eloquent->__construct()
 4 SYSTEMPATH/Config/BaseService.php(199): Config\Services::eloquent(false)
 5 APPPATH/Config/Services.php(36): CodeIgniter\Config\BaseService::getSharedInstance('eloquent')
 6 SYSTEMPATH/Common.php(1022): Config\Services::eloquent()
 7 APPPATH/Config/Events.php(59): service('eloquent')
 8 SYSTEMPATH/Events/Events.php(154): CodeIgniter\Events\Events::Config\{closure}()
 9 SYSTEMPATH/CodeIgniter.php(442): CodeIgniter\Events\Events::trigger('pre_system')
10 SYSTEMPATH/CodeIgniter.php(361): CodeIgniter\CodeIgniter->handleRequest(null, Object(Config\Cache), false)
11 FCPATH/index.php(79): CodeIgniter\CodeIgniter->run()
12 /Applications/Herd.app/Contents/Resources/valet/server.php(120): require('/Users/rtraselbd/Code/rtrasel/public/index.php')
CRITICAL - 2023-11-12 01:11:04 --> Attempt to read property "id" on null
in APPPATH/Config/Tenancy.php on line 25.
 1 APPPATH/Config/Tenancy.php(25): CodeIgniter\Debug\Exceptions->errorHandler(2, 'Attempt to read property "id" on null', '/Users/rtraselbd/Code/rtrasel/app/Config/Tenancy.php', 25)
 2 APPPATH/Config/Eloquent.php(14): Config\Tenancy->__construct()
 3 APPPATH/Config/Services.php(38): Config\Eloquent->__construct()
 4 SYSTEMPATH/Config/BaseService.php(199): Config\Services::eloquent(false)
 5 APPPATH/Config/Services.php(36): CodeIgniter\Config\BaseService::getSharedInstance('eloquent')
 6 SYSTEMPATH/Common.php(1022): Config\Services::eloquent()
 7 APPPATH/Config/Events.php(59): service('eloquent')
 8 SYSTEMPATH/Events/Events.php(154): CodeIgniter\Events\Events::Config\{closure}()
 9 SYSTEMPATH/CodeIgniter.php(442): CodeIgniter\Events\Events::trigger('pre_system')
10 SYSTEMPATH/CodeIgniter.php(361): CodeIgniter\CodeIgniter->handleRequest(null, Object(Config\Cache), false)
11 FCPATH/index.php(79): CodeIgniter\CodeIgniter->run()
12 /Applications/Herd.app/Contents/Resources/valet/server.php(120): require('/Users/rtraselbd/Code/rtrasel/public/index.php')
CRITICAL - 2023-11-12 01:11:57 --> Attempt to read property "id" on null
in APPPATH/Config/Tenancy.php on line 26.
 1 APPPATH/Config/Tenancy.php(26): CodeIgniter\Debug\Exceptions->errorHandler(2, 'Attempt to read property "id" on null', '/Users/rtraselbd/Code/rtrasel/app/Config/Tenancy.php', 26)
 2 APPPATH/Config/Eloquent.php(14): Config\Tenancy->__construct()
 3 APPPATH/Config/Services.php(38): Config\Eloquent->__construct()
 4 SYSTEMPATH/Config/BaseService.php(199): Config\Services::eloquent(false)
 5 APPPATH/Config/Services.php(36): CodeIgniter\Config\BaseService::getSharedInstance('eloquent')
 6 SYSTEMPATH/Common.php(1022): Config\Services::eloquent()
 7 APPPATH/Config/Events.php(59): service('eloquent')
 8 SYSTEMPATH/Events/Events.php(154): CodeIgniter\Events\Events::Config\{closure}()
 9 SYSTEMPATH/CodeIgniter.php(442): CodeIgniter\Events\Events::trigger('pre_system')
10 SYSTEMPATH/CodeIgniter.php(361): CodeIgniter\CodeIgniter->handleRequest(null, Object(Config\Cache), false)
11 FCPATH/index.php(79): CodeIgniter\CodeIgniter->run()
12 /Applications/Herd.app/Contents/Resources/valet/server.php(120): require('/Users/rtraselbd/Code/rtrasel/public/index.php')
CRITICAL - 2023-11-12 01:13:50 --> Attempt to read property "domain" on null
in APPPATH/Config/Eloquent.php on line 18.
 1 APPPATH/Config/Eloquent.php(18): CodeIgniter\Debug\Exceptions->errorHandler(2, 'Attempt to read property "domain" on null', '/Users/rtraselbd/Code/rtrasel/app/Config/Eloquent.php', 18)
 2 APPPATH/Config/Services.php(38): Config\Eloquent->__construct()
 3 SYSTEMPATH/Config/BaseService.php(199): Config\Services::eloquent(false)
 4 APPPATH/Config/Services.php(36): CodeIgniter\Config\BaseService::getSharedInstance('eloquent')
 5 SYSTEMPATH/Common.php(1022): Config\Services::eloquent()
 6 APPPATH/Config/Events.php(59): service('eloquent')
 7 SYSTEMPATH/Events/Events.php(154): CodeIgniter\Events\Events::Config\{closure}()
 8 SYSTEMPATH/CodeIgniter.php(442): CodeIgniter\Events\Events::trigger('pre_system')
 9 SYSTEMPATH/CodeIgniter.php(361): CodeIgniter\CodeIgniter->handleRequest(null, Object(Config\Cache), false)
10 FCPATH/index.php(79): CodeIgniter\CodeIgniter->run()
11 /Applications/Herd.app/Contents/Resources/valet/server.php(120): require('/Users/rtraselbd/Code/rtrasel/public/index.php')
INFO - 2023-11-12 01:15:54 --> Session: Class initialized using 'CodeIgniter\Session\Handlers\FileHandler' driver.
INFO - 2023-11-12 01:15:57 --> Session: Class initialized using 'CodeIgniter\Session\Handlers\FileHandler' driver.
INFO - 2023-11-12 01:16:13 --> Session: Class initialized using 'CodeIgniter\Session\Handlers\FileHandler' driver.
INFO - 2023-11-12 01:17:58 --> Session: Class initialized using 'CodeIgniter\Session\Handlers\FileHandler' driver.
INFO - 2023-11-12 01:18:00 --> Session: Class initialized using 'CodeIgniter\Session\Handlers\FileHandler' driver.
INFO - 2023-11-12 01:19:04 --> Session: Class initialized using 'CodeIgniter\Session\Handlers\FileHandler' driver.
INFO - 2023-11-12 01:19:07 --> Session: Class initialized using 'CodeIgniter\Session\Handlers\FileHandler' driver.
INFO - 2023-11-12 01:20:51 --> Session: Class initialized using 'CodeIgniter\Session\Handlers\FileHandler' driver.
INFO - 2023-11-12 01:21:10 --> Session: Class initialized using 'CodeIgniter\Session\Handlers\FileHandler' driver.
INFO - 2023-11-12 01:21:16 --> Session: Class initialized using 'CodeIgniter\Session\Handlers\FileHandler' driver.
INFO - 2023-11-12 01:21:25 --> Session: Class initialized using 'CodeIgniter\Session\Handlers\FileHandler' driver.
INFO - 2023-11-12 01:23:25 --> Session: Class initialized using 'CodeIgniter\Session\Handlers\FileHandler' driver.
INFO - 2023-11-12 01:23:37 --> Session: Class initialized using 'CodeIgniter\Session\Handlers\FileHandler' driver.
INFO - 2023-11-12 01:23:49 --> Session: Class initialized using 'CodeIgniter\Session\Handlers\FileHandler' driver.
INFO - 2023-11-12 01:26:14 --> Session: Class initialized using 'CodeIgniter\Session\Handlers\FileHandler' driver.
CRITICAL - 2023-11-12 02:06:53 --> Database connection [default] not configured.
in VENDORPATH/illuminate/database/DatabaseManager.php on line 173.
 1 VENDORPATH/illuminate/database/DatabaseManager.php(136): Illuminate\Database\DatabaseManager->configuration('default')
 2 VENDORPATH/illuminate/database/DatabaseManager.php(101): Illuminate\Database\DatabaseManager->makeConnection('default')
 3 VENDORPATH/illuminate/database/Capsule/Manager.php(109): Illuminate\Database\DatabaseManager->connection('default')
 4 APPPATH/Commands/UpdateTenants.php(28): Illuminate\Database\Capsule\Manager->getConnection()
 5 SYSTEMPATH/CLI/Commands.php(65): App\Commands\UpdateTenants->run([])
 6 SYSTEMPATH/CLI/Console.php(46): CodeIgniter\CLI\Commands->run('update:tenants', [])
 7 ROOTPATH/spark(102): CodeIgniter\CLI\Console->run()
CRITICAL - 2023-11-12 02:09:37 --> Class "App\Models\OptionModel" not found
in APPPATH/Helpers/options_helper.php on line 13.
 1 APPPATH/Config/Tenancy.php(17): get_option('central_domains', '["uddoktapay.com"]')
 2 APPPATH/Config/Eloquent.php(14): Config\Tenancy->__construct()
 3 APPPATH/Commands/UpdateTenants.php(21): Config\Eloquent->__construct()
 4 SYSTEMPATH/CLI/Commands.php(65): App\Commands\UpdateTenants->run([])
 5 SYSTEMPATH/CLI/Console.php(46): CodeIgniter\CLI\Commands->run('update:tenants', [])
 6 ROOTPATH/spark(102): CodeIgniter\CLI\Console->run()
WARNING - 2023-11-12 02:10:22 --> [DEPRECATED] strtolower(): Passing null to parameter #1 ($string) of type string is deprecated in APPPATH/Models/Tenancy/TenantModel.php on line 15.
 1 APPPATH/Models/Tenancy/TenantModel.php(15): strtolower(null)
 2 APPPATH/Config/Tenancy.php(32): App\Models\Tenancy\TenantModel->getDataByDomain(null)
 3 APPPATH/Config/Tenancy.php(18): Config\Tenancy->getTenancyData(Object(App\Models\Tenancy\TenantModel))
 4 APPPATH/Config/Eloquent.php(14): Config\Tenancy->__construct()
 5 APPPATH/Commands/UpdateTenants.php(21): Config\Eloquent->__construct()
 6 SYSTEMPATH/CLI/Commands.php(65): App\Commands\UpdateTenants->run([])
 7 SYSTEMPATH/CLI/Console.php(46): CodeIgniter\CLI\Commands->run('update:tenants', [])
 8 ROOTPATH/spark(102): CodeIgniter\CLI\Console->run()
WARNING - 2023-11-12 02:12:14 --> [DEPRECATED] strtolower(): Passing null to parameter #1 ($string) of type string is deprecated in APPPATH/Models/Tenancy/TenantModel.php on line 15.
 1 APPPATH/Models/Tenancy/TenantModel.php(15): strtolower(null)
 2 APPPATH/Config/Tenancy.php(32): App\Models\Tenancy\TenantModel->getDataByDomain(null)
 3 APPPATH/Config/Tenancy.php(18): Config\Tenancy->getTenancyData(Object(App\Models\Tenancy\TenantModel))
 4 APPPATH/Config/Eloquent.php(14): Config\Tenancy->__construct()
 5 APPPATH/Commands/UpdateTenants.php(21): Config\Eloquent->__construct()
 6 SYSTEMPATH/CLI/Commands.php(65): App\Commands\UpdateTenants->run([])
 7 SYSTEMPATH/CLI/Console.php(46): CodeIgniter\CLI\Commands->run('update:tenants', [])
 8 ROOTPATH/spark(102): CodeIgniter\CLI\Console->run()
WARNING - 2023-11-12 02:12:35 --> [DEPRECATED] strtolower(): Passing null to parameter #1 ($string) of type string is deprecated in APPPATH/Models/Tenancy/TenantModel.php on line 15.
 1 APPPATH/Models/Tenancy/TenantModel.php(15): strtolower(null)
 2 APPPATH/Config/Tenancy.php(32): App\Models\Tenancy\TenantModel->getDataByDomain(null)
 3 APPPATH/Config/Tenancy.php(18): Config\Tenancy->getTenancyData(Object(App\Models\Tenancy\TenantModel))
 4 APPPATH/Config/Eloquent.php(14): Config\Tenancy->__construct()
 5 APPPATH/Commands/UpdateTenants.php(21): Config\Eloquent->__construct()
 6 SYSTEMPATH/CLI/Commands.php(65): App\Commands\UpdateTenants->run([])
 7 SYSTEMPATH/CLI/Console.php(46): CodeIgniter\CLI\Commands->run('update:tenants', [])
 8 ROOTPATH/spark(102): CodeIgniter\CLI\Console->run()
WARNING - 2023-11-12 02:12:42 --> [DEPRECATED] strtolower(): Passing null to parameter #1 ($string) of type string is deprecated in APPPATH/Models/Tenancy/TenantModel.php on line 15.
 1 APPPATH/Models/Tenancy/TenantModel.php(15): strtolower(null)
 2 APPPATH/Config/Tenancy.php(32): App\Models\Tenancy\TenantModel->getDataByDomain(null)
 3 APPPATH/Config/Tenancy.php(18): Config\Tenancy->getTenancyData(Object(App\Models\Tenancy\TenantModel))
 4 APPPATH/Config/Eloquent.php(14): Config\Tenancy->__construct()
 5 APPPATH/Commands/UpdateTenants.php(21): Config\Eloquent->__construct()
 6 SYSTEMPATH/CLI/Commands.php(65): App\Commands\UpdateTenants->run([])
 7 SYSTEMPATH/CLI/Console.php(46): CodeIgniter\CLI\Commands->run('update:tenants', [])
 8 ROOTPATH/spark(102): CodeIgniter\CLI\Console->run()
CRITICAL - 2023-11-12 02:12:42 --> Database connection [default] not configured.
in VENDORPATH/illuminate/database/DatabaseManager.php on line 173.
 1 VENDORPATH/illuminate/database/DatabaseManager.php(136): Illuminate\Database\DatabaseManager->configuration('default')
 2 VENDORPATH/illuminate/database/DatabaseManager.php(101): Illuminate\Database\DatabaseManager->makeConnection('default')
 3 VENDORPATH/illuminate/database/Capsule/Manager.php(109): Illuminate\Database\DatabaseManager->connection('default')
 4 APPPATH/Commands/UpdateTenants.php(31): Illuminate\Database\Capsule\Manager->getConnection()
 5 SYSTEMPATH/CLI/Commands.php(65): App\Commands\UpdateTenants->run([])
 6 SYSTEMPATH/CLI/Console.php(46): CodeIgniter\CLI\Commands->run('update:tenants', [])
 7 ROOTPATH/spark(102): CodeIgniter\CLI\Console->run()
